make all --print-data-base --no-builtin-variables --no-builtin-rules --question
# GNU Make 4.2.1
# Built for x86_64-pc-linux-gnu
# Copyright (C) 1988-2016 Free Software Foundation, Inc.
# License GPLv3+: GNU GPL version 3 or later <http://gnu.org/licenses/gpl.html>
# This is free software: you are free to change and redistribute it.
# There is NO WARRANTY, to the extent permitted by law.

# Make data base, printed on Mon Aug 22 21:33:48 2022

# Variables

# 'override' directive
GNUMAKEFLAGS := 
# automatic
<D = $(patsubst %/,%,$(dir $<))
# automatic
?F = $(notdir $?)
# environment
PAPERSIZE = letter
# environment
DESKTOP_SESSION = pop
# makefile (from 'Makefile', line 6)
OPTIONS = -Ilibft -Iincludes  -L./libft -lft -g3 -fsanitize=address
# default
.SHELLFLAGS := -c
# environment
XDG_SESSION_CLASS = user
# makefile (from 'Makefile', line 7)
SRC = ft_child_process.c ft_init_env.c ft_init_file.c ft_init_fork.c ft_init_pipe.c main.c
# environment
XDG_SESSION_TYPE = x11
# automatic
?D = $(patsubst %/,%,$(dir $?))
# environment
IM_CONFIG_PHASE = 1
# automatic
@D = $(patsubst %/,%,$(dir $@))
# environment
XAUTHORITY = /run/user/1000/gdm/Xauthority
# environment
GDMSESSION = pop
# environment
XMODIFIERS = @im=ibus
# makefile
CURDIR := /home/onyx/Documents/PROG/42_pipex
# makefile
SHELL = /bin/sh
# environment
VSCODE_NLS_CONFIG = {"locale":"en-us","availableLanguages":{},"_languagePackSupport":true}
# environment
_ = /usr/share/code/code
# makefile (from 'Makefile', line 3)
CFLAGS = 
# environment
JOURNAL_STREAM = 8:77193
# environment
XDG_CONFIG_DIRS = /etc/xdg/xdg-pop:/etc/xdg
# makefile (from 'Makefile', line 1)
MAKEFILE_LIST :=  Makefile
# automatic
@F = $(notdir $@)
# environment
GIO_LAUNCHED_DESKTOP_FILE = /usr/share/applications/code.desktop
# environment
USERNAME = onyx
# environment
MAKELEVEL := 0
# environment
MANDATORY_PATH = /usr/share/gconf/pop.mandatory.path
# environment
XDG_DATA_DIRS = /usr/share/pop:/home/onyx/.local/share/flatpak/exports/share:/var/lib/flatpak/exports/share:/usr/local/share/:/usr/share/:/var/lib/snapd/desktop
# environment
DBUS_SESSION_BUS_ADDRESS = unix:path=/run/user/1000/bus
# makefile (from 'Makefile', line 14)
OBJS = $(SRCS:.c=.o)
# environment
MANAGERPID = 4273
# environment
P9K_SSH = 0
# environment
LC_NAME = en_US.UTF-8
# environment
VSCODE_CWD = /home/onyx
# default
MAKE_HOST := x86_64-pc-linux-gnu
# environment
PATH = /home/onyx/.local/bin:/usr/local/sbin:/usr/local/bin:/usr/sbin:/usr/bin:/sbin:/bin:/usr/games:/usr/local/games:/snap/bin:/opt/android-studio/bin
# environment
GPG_AGENT_INFO = /run/user/1000/gnupg/S.gpg-agent:0:1
# environment
GJS_DEBUG_OUTPUT = stderr
# environment
LSCOLORS = Gxfxcxdxbxegedabagacad
# environment
SESSION_MANAGER = local/pop-os:@/tmp/.ICE-unix/4516,unix/pop-os:/tmp/.ICE-unix/4516
# environment
XDG_RUNTIME_DIR = /run/user/1000
# makefile (from 'Makefile', line 5)
SRC_PATH = ./src/
# environment
XDG_MENU_PREFIX = gnome-
# environment
ELECTRON_RUN_AS_NODE = 1
# environment
INVOCATION_ID = 0bb2fb9c04bb4b88aa26d062b167b32f
# default
.FEATURES := target-specific order-only second-expansion else-if shortest-stem undefine oneshell archives jobserver output-sync check-symlink load
# environment
LS_COLORS = 
# environment
XDG_SESSION_DESKTOP = pop
# environment
SSH_AUTH_SOCK = /run/user/1000/keyring/ssh
# environment
GIO_LAUNCHED_DESKTOP_FILE_PID = 21043
# automatic
%F = $(notdir $%)
# environment
DISPLAY = :1
# environment
PWD = /home/onyx/Documents/PROG/42_pipex
# default
.LOADED := 
# environment
SSH_AGENT_PID = 4479
# environment
ORIGINAL_XDG_CURRENT_DESKTOP = pop:GNOME
# environment
GTK_MODULES = gail:atk-bridge:appmenu-gtk-module
# environment
VSCODE_AMD_ENTRYPOINT = vs/workbench/api/node/extensionHostProcess
# environment
HOME = /home/onyx
# environment
VSCODE_CODE_CACHE_PATH = /home/onyx/.config/Code/CachedData/e4503b30fc78200f846c62cf8091b76ff5547662
# environment
LOGNAME = onyx
# environment
APPLICATION_INSIGHTS_NO_DIAGNOSTIC_CHANNEL = true
# automatic
+F = $(notdir $+)
# environment
ZSH = /home/onyx/.oh-my-zsh
# environment
VSCODE_HANDLES_UNCAUGHT_ERRORS = true
# environment
GNOME_DESKTOP_SESSION_ID = this-is-deprecated
# automatic
^D = $(patsubst %/,%,$(dir $^))
# environment
LC_TIME = en_US.UTF-8
# default
MAKE = $(MAKE_COMMAND)
# default
MAKECMDGOALS := all
# environment
QT_IM_MODULE = ibus
# makefile (from 'Makefile', line 13)
 
SRCS = $(addprefix $(SRC_PATH),$(SRC))
# environment
SHLVL = 0
# makefile (from 'Makefile', line 2)
LIBFT = libft
# makefile (from 'Makefile', line 4)
CC = gcc
# environment
GNOME_SHELL_SESSION_MODE = pop
# default
MAKE_VERSION := 4.2.1
# environment
USER = onyx
# environment
LC_MONETARY = en_US.UTF-8
# makefile
.DEFAULT_GOAL := all
# environment
XDG_CURRENT_DESKTOP = Unity
# makefile (from 'Makefile', line 1)
NAME = pipex
# environment
LESS = -R
# automatic
%D = $(patsubst %/,%,$(dir $%))
# environment
LC_TELEPHONE = en_US.UTF-8
# default
MAKE_COMMAND := make
# environment
OLDPWD = /home/onyx
# default
.VARIABLES := 
# automatic
*F = $(notdir $*)
# environment
LANGUAGE = en_US:en
# environment
VSCODE_IPC_HOOK = /run/user/1000/vscode-7031b1d2-1.70.2-main.sock
# makefile
MAKEFLAGS = pqrR
# environment
MFLAGS = -pqrR
# automatic
*D = $(patsubst %/,%,$(dir $*))
# automatic
+D = $(patsubst %/,%,$(dir $+))
# environment
GDK_BACKEND = x11
# environment
LC_PAPER = en_US.UTF-8
# environment
QT_ACCESSIBILITY = 1
# environment
DEFAULTS_PATH = /usr/share/gconf/pop.default.path
# default
MAKEFILES := 
# environment
LC_NUMERIC = en_US.UTF-8
# automatic
<F = $(notdir $<)
# environment
LC_MEASUREMENT = en_US.UTF-8
# environment
PAGER = less
# environment
LC_ALL = C
# environment
GJS_DEBUG_TOPICS = JS ERROR;JS LOG
# automatic
^F = $(notdir $^)
# default
SUFFIXES := 
# environment
CHROME_DESKTOP = code-url-handler.desktop
# environment
WINDOWPATH = 2
# default
.INCLUDE_DIRS = /usr/include /usr/local/include /usr/include
# environment
LC_IDENTIFICATION = en_US.UTF-8
# default
.RECIPEPREFIX := 
# environment
LC_ADDRESS = en_US.UTF-8
# environment
LANG = C
# environment
VSCODE_PID = 21043
# variable set hash-table stats:
# Load=118/1024=12%, Rehash=0, Collisions=19/156=12%

# Pattern-specific Variable Values

# No pattern-specific variable values.

# Directories

# . (device 2051, inode 20843258): 12 files, no impossibilities.

# 12 files, no impossibilities in 1 directories.
 

# Implicit Rules

# No implicit rules.

# Files

all: pipex
#  Phony target (prerequisite of .PHONY).
#  Command line target.
#  Implicit rule search has not been done.
#  File does not exist.
#  File has been updated.
#  Needs to be updated (-q is set).
# variable set hash-table stats:
# Load=0/32=0%, Rehash=0, Collisions=0/4=0%

.PHONY: re fclean clean all libft
#  Implicit rule search has not been done.
#  Modification time never checked.
#  File has not been updated.

# Not a target:
 
flcean:
#  Implicit rule search has not been done.
#  Modification time never checked.
#  File has not been updated.

# Not a target:
src/main.o:
#  Implicit rule search has not been done.
#  Modification time never checked.
#  File has not been updated.

libft:
#  Phony target (prerequisite of .PHONY).
#  Implicit rule search has not been done.
#  Implicit/static pattern stem: ''
#  File does not exist.
#  File has been updated.
#  Needs to be updated (-q is set).
# automatic
# @ := libft
# automatic
# % := 
# automatic
# * := 
# automatic
# + := 
# automatic
# | := 
# automatic
# < := 
# automatic
# ^ := 
# automatic
# ? := 
# variable set hash-table stats:
# Load=8/32=25%, Rehash=0, Collisions=1/12=8%
 
#  recipe to execute (from 'Makefile', line 19):
	make -C $(LIBFT)

# Not a target:
.SUFFIXES:
#  Implicit rule search has not been done.
#  Modification time never checked.
#  File has not been updated.

# Not a target:
Makefile:
#  Implicit rule search has been done.
#  Last modified 2022-08-22 21:33:16.83763633
#  File has been updated.
#  Successfully updated.

# Not a target:
src/ft_child_process.o:
#  Implicit rule search has not been done.
#  Modification time never checked.
#  File has not been updated.

# Not a target:
src/ft_init_file.o:
#  Implicit rule search has not been done.
#  Modification time never checked.
#  File has not been updated.

.c.o:
#  Implicit rule search has not been done.
#  Modification time never checked.
#  File has not been updated.
#  recipe to execute (from 'Makefile', line 22):
	$(CC) $(CFLAGS) $(OPTIONS) -c $(<) -o $(<:.c=.o)

 
fclean: clean
#  Phony target (prerequisite of .PHONY).
#  Implicit rule search has not been done.
#  File does not exist.
#  File has not been updated.
#  recipe to execute (from 'Makefile', line 32):
	rm -f $(NAME)
	make -C $(LIBFT) fclean

# Not a target:
src/ft_init_fork.o:
#  Implicit rule search has not been done.
#  Modification time never checked.
#  File has not been updated.

# Not a target:
.DEFAULT:
#  Implicit rule search has not been done.
#  Modification time never checked.
#  File has not been updated.

re: flcean all
#  Phony target (prerequisite of .PHONY).
#  Implicit rule search has not been done.
#  File does not exist.
#  File has not been updated.

clean:
#  Phony target (prerequisite of .PHONY).
#  Implicit rule search has not been done.
#  File does not exist.
#  File has not been updated.
#  recipe to execute (from 'Makefile', line 28):
	rm -f $(OBJS)
	make -C $(LIBFT) clean

# Not a target:
src/ft_init_pipe.o:
#  Implicit rule search has not been done.
#  Modification time never checked.
#  File has not been updated.

# Not a target:
 
src/ft_init_env.o:
#  Implicit rule search has not been done.
#  Modification time never checked.
#  File has not been updated.

pipex: libft src/ft_child_process.o src/ft_init_env.o src/ft_init_file.o src/ft_init_fork.o src/ft_init_pipe.o src/main.o
#  Implicit rule search has not been done.
#  File does not exist.
#  File has been updated.
#  Needs to be updated (-q is set).
# variable set hash-table stats:
# Load=0/32=0%, Rehash=0, Collisions=0/4=0%
#  recipe to execute (from 'Makefile', line 25):
	$(CC) $(CLFAGS) $(OBJS) $(OPTIONS) -o $(NAME)

# files hash-table stats:
# Load=18/1024=2%, Rehash=0, Collisions=2/47=4%
# VPATH Search Paths

# No 'vpath' search paths.

# No general ('VPATH' variable) search path.

# strcache buffers: 1 (0) / strings = 30 / storage = 291 B / avg = 9 B
# current buf: size = 8162 B / used = 291 B / count = 30 / avg = 9 B

# strcache performance: lookups = 54 / hit rate = 44%
# hash-table stats:
# Load=30/8192=0%, Rehash=0, Collisions=1/54=2%
# Finished Make data base on Mon Aug 22 21:33:48 2022

 
